Build started 2016/5/30 16:53:58.
     1>Project "D:\git\Algorithm\Algorithm\Algorithm\Algorithm.vcxproj" on node 2 (Build target(s)).
     1>ClCompile:
         D:\Program Files (x86)\Microsoft Visual Studio 12.0\VC\bin\CL.exe /c /ZI /nologo /W3 /WX- /sdl /Od /Oy- /D WIN32 /D _DEBUG /D _CONSOLE /D _LIB /D _UNICODE /D UNICODE /Gm /EHsc /RTC1 /MDd /GS /fp:precise /Zc:wchar_t /Zc:forScope /Fo"Debug\\" /Fd"Debug\vc120.pdb" /Gd /TP /analyze- /errorReport:prompt Graph.cpp Main.cpp
         Main.cpp
         Graph.cpp
         Generating Code...
       Link:
         D:\Program Files (x86)\Microsoft Visual Studio 12.0\VC\bin\link.exe /ERRORREPORT:PROMPT /OUT:"D:\git\Algorithm\Algorithm\Debug\Algorithm.exe" /INCREMENTAL /NOLOGO kernel32.lib user32.lib gdi32.lib winspool.lib comdlg32.lib advapi32.lib shell32.lib ole32.lib oleaut32.lib uuid.lib odbc32.lib odbccp32.lib /MANIFEST /MANIFESTUAC:"level='asInvoker' uiAccess='false'" /manifest:embed /DEBUG /PDB:"D:\git\Algorithm\Algorithm\Debug\Algorithm.pdb" /SUBSYSTEM:CONSOLE /TLBID:1 /DYNAMICBASE /NXCOMPAT /IMPLIB:"D:\git\Algorithm\Algorithm\Debug\Algorithm.lib" /MACHINE:X86 Debug\BTree.obj
         Debug\DynamicProgramming.obj
         Debug\Graph.obj
         Debug\Main.obj
         Debug\Queue.obj
         Debug\Sort.obj
         Debug\Stack.obj
         Debug\Tree.obj
         Algorithm.vcxproj -> D:\git\Algorithm\Algorithm\Debug\Algorithm.exe
     1>Done Building Project "D:\git\Algorithm\Algorithm\Algorithm\Algorithm.vcxproj" (Build target(s)).

Build succeeded.

Time Elapsed 00:00:01.73
